<?xml version="1.0" encoding="UTF-8"?>
<!-- Generated by org.testng.reporters.JUnitReportReporter -->
<testsuite skipped="0" hostname="LAPTOP-LHPKLU7B" name="basicTestNg1" tests="2" failures="0" timestamp="2022-09-14T22:12:19 IST" time="0.007" errors="0">
  <testcase name="demo2" time="0.001" classname="basicTestNg1"/>
  <system-out/>
  <testcase name="demo5" time="0.006" classname="basicTestNg1"/>
  <system-out/>
</testsuite> <!-- basicTestNg1 -->
